Using pre-set license
Built from '6000.0/respin/6000.0.51f1-a206c6c19c75' branch; Version is '6000.0.51f1 (01c3ff5872c5) revision 115711'; Using compiler version '193933523'; Build Type 'Release'
OS: 'Windows 11  (10.0.26100) 64bit Core' Language: 'en' Physical Memory: 31937 MB
BatchMode: 1, IsHumanControllingUs: 0, StartBugReporterOnCrash: 0, Is64bit: 1
Date: 2025-10-30T13:34:03Z

COMMAND LINE ARGUMENTS:
C:\Program Files\Unity\Hub\Editor\6000.0.51f1\Editor\Unity.exe
-adb2
-batchMode
-noUpm
-name
AssetImportWorker1
-projectPath
C:/Users/Brayd/Documents/OpenWorld/OpenWorldAttempt
-logFile
Logs/AssetImportWorker1.log
-srvPort
49974
-job-worker-count
5
-background-job-worker-count
8
-gc-helper-count
1
Successfully changed project path to: C:/Users/Brayd/Documents/OpenWorld/OpenWorldAttempt
C:/Users/Brayd/Documents/OpenWorld/OpenWorldAttempt
[UnityMemory] Configuration Parameters - Can be set up in boot.config
    "memorysetup-bucket-allocator-granularity=16"
    "memorysetup-bucket-allocator-bucket-count=8"
    "memorysetup-bucket-allocator-block-size=33554432"
    "memorysetup-bucket-allocator-block-count=8"
    "memorysetup-main-allocator-block-size=16777216"
    "memorysetup-thread-allocator-block-size=16777216"
    "memorysetup-gfx-main-allocator-block-size=16777216"
    "memorysetup-gfx-thread-allocator-block-size=16777216"
    "memorysetup-cache-allocator-block-size=4194304"
    "memorysetup-typetree-allocator-block-size=2097152"
    "memorysetup-profiler-bucket-allocator-granularity=16"
    "memorysetup-profiler-bucket-allocator-bucket-count=8"
    "memorysetup-profiler-bucket-allocator-block-size=33554432"
    "memorysetup-profiler-bucket-allocator-block-count=8"
    "memorysetup-profiler-allocator-block-size=16777216"
    "memorysetup-profiler-editor-allocator-block-size=1048576"
    "memorysetup-temp-allocator-size-main=16777216"
    "memorysetup-job-temp-allocator-block-size=2097152"
    "memorysetup-job-temp-allocator-block-size-background=1048576"
    "memorysetup-job-temp-allocator-reduction-small-platforms=262144"
    "memorysetup-allocator-temp-initial-block-size-main=262144"
    "memorysetup-allocator-temp-initial-block-size-worker=262144"
    "memorysetup-temp-allocator-size-background-worker=32768"
    "memorysetup-temp-allocator-size-job-worker=262144"
    "memorysetup-temp-allocator-size-preload-manager=33554432"
    "memorysetup-temp-allocator-size-nav-mesh-worker=65536"
    "memorysetup-temp-allocator-size-audio-worker=65536"
    "memorysetup-temp-allocator-size-cloud-worker=32768"
    "memorysetup-temp-allocator-size-gi-baking-worker=262144"
    "memorysetup-temp-allocator-size-gi-baking-worker=262144"
    "memorysetup-temp-allocator-size-gi-baking-worker=262144"
    "memorysetup-temp-allocator-size-gi-baking-worker=262144"
    "memorysetup-temp-allocator-size-gi-baking-worker=262144"
    "memorysetup-temp-allocator-size-gfx=262144"
Player connection [20096]  Target information:

Player connection [20096]  * "[IP] 192.168.1.26 [Port] 0 [Flags] 2 [Guid] 744962911 [EditorId] 744962911 [Version] 1048832 [Id] WindowsEditor(7,DESKTOP-OP4EDUN) [Debug] 1 [PackageName] WindowsEditor [ProjectName] Editor" 

Player connection [20096] Host joined multi-casting on [225.0.0.222:54997]...
Player connection [20096] Host joined alternative multi-casting on [225.0.0.222:34997]...
JobSystem: Creating JobQueue using job-worker-count value 5
Input System module state changed to: Initialized.
[Physics::Module] Initialized fallback backend.
[Physics::Module] Id: 0xdecafbad
Library Redirect Path: Library/
[Physics::Module] Selected backend.
[Physics::Module] Name: PhysX
[Physics::Module] Id: 0xf2b8ea05
[Physics::Module] SDK Version: 4.1.2
[Physics::Module] Integration Version: 1.0.0
[Physics::Module] Threading Mode: Multi-Threaded
Refreshing native plugins compatible for Editor in 1.45 ms, found 3 plugins.
Preloading 0 native plugins for Editor in 0.00 ms.
Initialize engine version: 6000.0.51f1 (01c3ff5872c5)
[Subsystems] Discovering subsystems at path C:/Program Files/Unity/Hub/Editor/6000.0.51f1/Editor/Data/Resources/UnitySubsystems
[Subsystems] Discovering subsystems at path C:/Users/Brayd/Documents/OpenWorld/OpenWorldAttempt/Assets
GfxDevice: creating device client; kGfxThreadingModeNonThreaded
Direct3D:
    Version:  Direct3D 11.0 [level 11.1]
    Renderer: NVIDIA GeForce RTX 4060 Ti (ID=0x2803)
    Vendor:   NVIDIA
    VRAM:     7949 MB
    Driver:   32.0.15.8088
Initialize mono
Mono path[0] = 'C:/Program Files/Unity/Hub/Editor/6000.0.51f1/Editor/Data/Managed'
Mono path[1] = 'C:/Program Files/Unity/Hub/Editor/6000.0.51f1/Editor/Data/MonoBleedingEdge/lib/mono/unityjit-win32'
Mono config path = 'C:/Program Files/Unity/Hub/Editor/6000.0.51f1/Editor/Data/MonoBleedingEdge/etc'
Using monoOptions --debugger-agent=transport=dt_socket,embedding=1,server=y,suspend=n,address=127.0.0.1:56668
Begin MonoManager ReloadAssembly
Registering precompiled unity dll's ...
Register platform support module: C:/Program Files/Unity/Hub/Editor/6000.0.51f1/Editor/Data/PlaybackEngines/WindowsStandaloneSupport/UnityEditor.WindowsStandalone.Extensions.dll
Registered in 0.002513 seconds.
- Loaded All Assemblies, in  0.332 seconds
Native extension for WindowsStandalone target not found
Mono: successfully reloaded assembly
- Finished resetting the current domain, in  0.261 seconds
Domain Reload Profiling: 592ms
	BeginReloadAssembly (137ms)
		ExecutionOrderSort (0ms)
		DisableScriptedObjects (0ms)
		BackupInstance (0ms)
		ReleaseScriptingObjects (0ms)
		CreateAndSetChildDomain (1ms)
	RebuildCommonClasses (24ms)
	RebuildNativeTypeToScriptingClass (8ms)
	initialDomainReloadingComplete (40ms)
	LoadAllAssembliesAndSetupDomain (122ms)
		LoadAssemblies (134ms)
		RebuildTransferFunctionScriptingTraits (0ms)
		AnalyzeDomain (119ms)
			TypeCache.Refresh (118ms)
				TypeCache.ScanAssembly (107ms)
			BuildScriptInfoCaches (0ms)
			ResolveRequiredComponents (0ms)
	FinalizeReload (262ms)
		ReleaseScriptCaches (0ms)
		RebuildScriptCaches (0ms)
		SetupLoadedEditorAssemblies (226ms)
			LogAssemblyErrors (0ms)
			InitializePlatformSupportModulesInManaged (16ms)
			SetLoadedEditorAssemblies (4ms)
			BeforeProcessingInitializeOnLoad (50ms)
			ProcessInitializeOnLoadAttributes (115ms)
			ProcessInitializeOnLoadMethodAttributes (41ms)
			AfterProcessingInitializeOnLoad (0ms)
			EditorAssembliesLoaded (0ms)
		ExecutionOrderSort2 (0ms)
		AwakeInstancesAfterBackupRestoration (0ms)
========================================================================
Worker process is ready to serve import requests
Import Worker Mode flag is 0x00
Begin MonoManager ReloadAssembly
- Loaded All Assemblies, in  0.700 seconds
Refreshing native plugins compatible for Editor in 0.87 ms, found 3 plugins.
Native extension for WindowsStandalone target not found
Mono: successfully reloaded assembly
- Finished resetting the current domain, in  0.754 seconds
Domain Reload Profiling: 1448ms
	BeginReloadAssembly (139ms)
		ExecutionOrderSort (0ms)
		DisableScriptedObjects (5ms)
		BackupInstance (0ms)
		ReleaseScriptingObjects (0ms)
		CreateAndSetChildDomain (29ms)
	RebuildCommonClasses (27ms)
	RebuildNativeTypeToScriptingClass (9ms)
	initialDomainReloadingComplete (28ms)
	LoadAllAssembliesAndSetupDomain (490ms)
		LoadAssemblies (373ms)
		RebuildTransferFunctionScriptingTraits (0ms)
		AnalyzeDomain (192ms)
			TypeCache.Refresh (140ms)
				TypeCache.ScanAssembly (130ms)
			BuildScriptInfoCaches (39ms)
			ResolveRequiredComponents (9ms)
	FinalizeReload (754ms)
		ReleaseScriptCaches (0ms)
		RebuildScriptCaches (0ms)
		SetupLoadedEditorAssemblies (590ms)
			LogAssemblyErrors (0ms)
			InitializePlatformSupportModulesInManaged (2ms)
			SetLoadedEditorAssemblies (5ms)
			BeforeProcessingInitializeOnLoad (155ms)
			ProcessInitializeOnLoadAttributes (379ms)
			ProcessInitializeOnLoadMethodAttributes (44ms)
			AfterProcessingInitializeOnLoad (5ms)
			EditorAssembliesLoaded (0ms)
		ExecutionOrderSort2 (0ms)
		AwakeInstancesAfterBackupRestoration (4ms)
Launched and connected shader compiler UnityShaderCompiler.exe after 0.07 seconds
Refreshing native plugins compatible for Editor in 1.70 ms, found 3 plugins.
Preloading 0 native plugins for Editor in 0.00 ms.
Unloading 233 Unused Serialized files (Serialized files now loaded: 0)
Unloading 6091 unused Assets / (4.3 MB). Loaded Objects now: 6822.
Memory consumption went from 184.9 MB to 180.6 MB.
Total: 7.274800 ms (FindLiveObjects: 0.770200 ms CreateObjectMapping: 0.300800 ms MarkObjects: 3.660200 ms  DeleteObjects: 2.542600 ms)

========================================================================
Received Import Request.
  Time since last request: 920334.650807 seconds.
  path: Assets/random assets/Color Maps/stone_alien_4.png
  artifactKey: Guid(2bebdb8e31de92c40bf8219c4cbb691d) Importer(815301076,1909f56bfc062723c751e8b465ee728b)
Start importing Assets/random assets/Color Maps/stone_alien_4.png using Guid(2bebdb8e31de92c40bf8219c4cbb691d) Importer(815301076,1909f56bfc062723c751e8b465ee728b) (PreviewImporter) -> (artifact id: 'cbc16cdc75a5ceb6594dea256d3c3d39') in 0.0526907 seconds
Number of updated asset objects reloaded before import = 0Number of asset objects unloaded after import = 2

========================================================================
Received Import Request.
  Time since last request: 0.000017 seconds.
  path: Assets/random assets/Normal Maps/stone_hell_3_normal.png
  artifactKey: Guid(ab1be09eee7f72b468e0f3f0e84094b7) Importer(815301076,1909f56bfc062723c751e8b465ee728b)
Start importing Assets/random assets/Normal Maps/stone_hell_3_normal.png using Guid(ab1be09eee7f72b468e0f3f0e84094b7) Importer(815301076,1909f56bfc062723c751e8b465ee728b) (PreviewImporter) -> (artifact id: '99d9a22f6ba569ef472fa7bcadead98d') in 0.0132279 seconds
Number of updated asset objects reloaded before import = 0Number of asset objects unloaded after import = 2

========================================================================
Received Import Request.
  Time since last request: 0.000018 seconds.
  path: Assets/random assets/Color Maps/stone_3.png
  artifactKey: Guid(c796f48785542f74f9ff22cd52afe1e9) Importer(815301076,1909f56bfc062723c751e8b465ee728b)
Start importing Assets/random assets/Color Maps/stone_3.png using Guid(c796f48785542f74f9ff22cd52afe1e9) Importer(815301076,1909f56bfc062723c751e8b465ee728b) (PreviewImporter) -> (artifact id: '6edcd6e5b4e34855310dfeaeadbd11a0') in 0.0136676 seconds
Number of updated asset objects reloaded before import = 0Number of asset objects unloaded after import = 2

========================================================================
Received Import Request.
  Time since last request: 0.000026 seconds.
  path: Assets/random assets/Normal Maps/stone_hell_1_normal.png
  artifactKey: Guid(40a68396530e3294799f62268612eeb6) Importer(815301076,1909f56bfc062723c751e8b465ee728b)
Start importing Assets/random assets/Normal Maps/stone_hell_1_normal.png using Guid(40a68396530e3294799f62268612eeb6) Importer(815301076,1909f56bfc062723c751e8b465ee728b) (PreviewImporter) -> (artifact id: '11f473836e062c9d72324664b0d4a86c') in 0.0139353 seconds
Number of updated asset objects reloaded before import = 0Number of asset objects unloaded after import = 2

========================================================================
Received Import Request.
  Time since last request: 0.000018 seconds.
  path: Assets/random assets/FBX/Textures/stone_1.png
  artifactKey: Guid(24865521745453f4bb861fd2f61f26ba) Importer(815301076,1909f56bfc062723c751e8b465ee728b)
Start importing Assets/random assets/FBX/Textures/stone_1.png using Guid(24865521745453f4bb861fd2f61f26ba) Importer(815301076,1909f56bfc062723c751e8b465ee728b) (PreviewImporter) -> (artifact id: 'b9d2479c58f25fded5b4c5d83c6bbdb5') in 0.0169779 seconds
Number of updated asset objects reloaded before import = 0Number of asset objects unloaded after import = 2

========================================================================
Received Import Request.
  Time since last request: 0.000013 seconds.
  path: Assets/random assets/Color Maps/stone_hell_6.png
  artifactKey: Guid(60fd3132d12d3f24cbf0ab3d13a66ccc) Importer(815301076,1909f56bfc062723c751e8b465ee728b)
Start importing Assets/random assets/Color Maps/stone_hell_6.png using Guid(60fd3132d12d3f24cbf0ab3d13a66ccc) Importer(815301076,1909f56bfc062723c751e8b465ee728b) (PreviewImporter) -> (artifact id: '5c2322859216de5ff7e87a6b16a9e23b') in 0.0150847 seconds
Number of updated asset objects reloaded before import = 0Number of asset objects unloaded after import = 2

========================================================================
Received Import Request.
  Time since last request: 0.000017 seconds.
  path: Assets/random assets/Normal Maps/stone_2_normal.png
  artifactKey: Guid(af3b5a1f5646db8478611a73ff61eae8) Importer(815301076,1909f56bfc062723c751e8b465ee728b)
Start importing Assets/random assets/Normal Maps/stone_2_normal.png using Guid(af3b5a1f5646db8478611a73ff61eae8) Importer(815301076,1909f56bfc062723c751e8b465ee728b) (PreviewImporter) -> (artifact id: '47db71e57ee1e5d971f850c5f1e6caa4') in 0.0145201 seconds
Number of updated asset objects reloaded before import = 0Number of asset objects unloaded after import = 2

========================================================================
Received Import Request.
  Time since last request: 0.000014 seconds.
  path: Assets/random assets/Color Maps/stone_hell_1.png
  artifactKey: Guid(f6bf868494579734689adf263615cd8a) Importer(815301076,1909f56bfc062723c751e8b465ee728b)
Start importing Assets/random assets/Color Maps/stone_hell_1.png using Guid(f6bf868494579734689adf263615cd8a) Importer(815301076,1909f56bfc062723c751e8b465ee728b) (PreviewImporter) -> (artifact id: 'e22d0de14a9857c3522f1db982c9e949') in 0.0151484 seconds
Number of updated asset objects reloaded before import = 0Number of asset objects unloaded after import = 2

========================================================================
Received Import Request.
  Time since last request: 0.000018 seconds.
  path: Assets/random assets/Normal Maps/stone_3_4_normal.png
  artifactKey: Guid(60106b555216acb4eab3baa4e94852de) Importer(815301076,1909f56bfc062723c751e8b465ee728b)
Start importing Assets/random assets/Normal Maps/stone_3_4_normal.png using Guid(60106b555216acb4eab3baa4e94852de) Importer(815301076,1909f56bfc062723c751e8b465ee728b) (PreviewImporter) -> (artifact id: '7defbcf3c71aa6735a30030942cdefa1') in 0.0127652 seconds
Number of updated asset objects reloaded before import = 0Number of asset objects unloaded after import = 2

========================================================================
Received Import Request.
  Time since last request: 0.000026 seconds.
  path: Assets/random assets/Color Maps/stone_3_1.png
  artifactKey: Guid(96bcb50160501b64c8775b84b903e499) Importer(815301076,1909f56bfc062723c751e8b465ee728b)
Start importing Assets/random assets/Color Maps/stone_3_1.png using Guid(96bcb50160501b64c8775b84b903e499) Importer(815301076,1909f56bfc062723c751e8b465ee728b) (PreviewImporter) -> (artifact id: 'bffd83f3f70a06eb851a43ff679528db') in 0.0127983 seconds
Number of updated asset objects reloaded before import = 0Number of asset objects unloaded after import = 2

========================================================================
Received Import Request.
  Time since last request: 0.000014 seconds.
  path: Assets/random assets/Normal Maps/stone_3_3_normal.png
  artifactKey: Guid(e266437fb504d6b4c8d2d9616b3f60c5) Importer(815301076,1909f56bfc062723c751e8b465ee728b)
Start importing Assets/random assets/Normal Maps/stone_3_3_normal.png using Guid(e266437fb504d6b4c8d2d9616b3f60c5) Importer(815301076,1909f56bfc062723c751e8b465ee728b) (PreviewImporter) -> (artifact id: 'd8099c0e9dfeac9b2e01d861cb0fdfc4') in 0.0167652 seconds
Number of updated asset objects reloaded before import = 0Number of asset objects unloaded after import = 2

========================================================================
Received Import Request.
  Time since last request: 0.000015 seconds.
  path: Assets/random assets/Color Maps/stone_3_2.png
  artifactKey: Guid(4ed5458ccd1eb1748add8dd724f8fd15) Importer(815301076,1909f56bfc062723c751e8b465ee728b)
Start importing Assets/random assets/Color Maps/stone_3_2.png using Guid(4ed5458ccd1eb1748add8dd724f8fd15) Importer(815301076,1909f56bfc062723c751e8b465ee728b) (PreviewImporter) -> (artifact id: '022b8ee0ac04d7581a13f776c684b17b') in 0.0138158 seconds
Number of updated asset objects reloaded before import = 0Number of asset objects unloaded after import = 2

========================================================================
Received Import Request.
  Time since last request: 0.000017 seconds.
  path: Assets/random assets/Normal Maps/stone_hell_5_normal.png
  artifactKey: Guid(19072004d8c43aa4797befd09d311d57) Importer(815301076,1909f56bfc062723c751e8b465ee728b)
Start importing Assets/random assets/Normal Maps/stone_hell_5_normal.png using Guid(19072004d8c43aa4797befd09d311d57) Importer(815301076,1909f56bfc062723c751e8b465ee728b) (PreviewImporter) -> (artifact id: 'b432bb0ecf96e06f1f8008085e125d81') in 0.0121441 seconds
Number of updated asset objects reloaded before import = 0Number of asset objects unloaded after import = 2

========================================================================
Received Import Request.
  Time since last request: 0.000013 seconds.
  path: Assets/random assets/Color Maps/stone_3_3.png
  artifactKey: Guid(5d4d1654db83dd3499c055f692913b8a) Importer(815301076,1909f56bfc062723c751e8b465ee728b)
Start importing Assets/random assets/Color Maps/stone_3_3.png using Guid(5d4d1654db83dd3499c055f692913b8a) Importer(815301076,1909f56bfc062723c751e8b465ee728b) (PreviewImporter) -> (artifact id: '6215eeca7ec9ee0c975e114251fac41b') in 0.0146228 seconds
Number of updated asset objects reloaded before import = 0Number of asset objects unloaded after import = 2

========================================================================
Received Import Request.
  Time since last request: 0.000017 seconds.
  path: Assets/random assets/OBJ 2/stone_2.obj
  artifactKey: Guid(0a41a1fa708baa544a40ed9517acb1db) Importer(815301076,1909f56bfc062723c751e8b465ee728b)
Start importing Assets/random assets/OBJ 2/stone_2.obj using Guid(0a41a1fa708baa544a40ed9517acb1db) Importer(815301076,1909f56bfc062723c751e8b465ee728b) (PreviewImporter) -> (artifact id: '1e56382226c4abdb4f39149a9a4393bf') in 0.3627323 seconds
Number of updated asset objects reloaded before import = 0Number of asset objects unloaded after import = 11

========================================================================
Received Import Request.
  Time since last request: 5.619671 seconds.
  path: Assets/random assets/OBJ 2/pine_tree_n_2_3.obj
  artifactKey: Guid(d310e7ed6b7bb4c41bd8789ef3cbdacd) Importer(815301076,1909f56bfc062723c751e8b465ee728b)
Start importing Assets/random assets/OBJ 2/pine_tree_n_2_3.obj using Guid(d310e7ed6b7bb4c41bd8789ef3cbdacd) Importer(815301076,1909f56bfc062723c751e8b465ee728b) (PreviewImporter) -> (artifact id: '332ab4bd7acc4739a779a41cfd2ddc83') in 0.0395819 seconds
Number of updated asset objects reloaded before import = 0Number of asset objects unloaded after import = 13

========================================================================
Received Import Request.
  Time since last request: 0.000022 seconds.
  path: Assets/random assets/OBJ 2/tree_stump_1.obj
  artifactKey: Guid(bf69864116e7adf41930bac2b521591d) Importer(815301076,1909f56bfc062723c751e8b465ee728b)
Start importing Assets/random assets/OBJ 2/tree_stump_1.obj using Guid(bf69864116e7adf41930bac2b521591d) Importer(815301076,1909f56bfc062723c751e8b465ee728b) (PreviewImporter) -> (artifact id: 'e069190d3af8ce9f38ce1aa6b4ecbedf') in 0.0378142 seconds
Number of updated asset objects reloaded before import = 0Number of asset objects unloaded after import = 13

========================================================================
Received Import Request.
  Time since last request: 0.000026 seconds.
  path: Assets/random assets/OBJ 2/tree_1.obj
  artifactKey: Guid(bd4d1a238ad7ec24a87027528f3d89b5) Importer(815301076,1909f56bfc062723c751e8b465ee728b)
Start importing Assets/random assets/OBJ 2/tree_1.obj using Guid(bd4d1a238ad7ec24a87027528f3d89b5) Importer(815301076,1909f56bfc062723c751e8b465ee728b) (PreviewImporter) -> (artifact id: 'efde369b2e4cfe2a83d21c9a258d7b92') in 0.0349168 seconds
Number of updated asset objects reloaded before import = 0Number of asset objects unloaded after import = 11

========================================================================
Received Import Request.
  Time since last request: 0.000030 seconds.
  path: Assets/random assets/OBJ 2/pine_tree_n_3_4.obj
  artifactKey: Guid(a51fea89d92b43642b9e298bf70000b0) Importer(815301076,1909f56bfc062723c751e8b465ee728b)
Start importing Assets/random assets/OBJ 2/pine_tree_n_3_4.obj using Guid(a51fea89d92b43642b9e298bf70000b0) Importer(815301076,1909f56bfc062723c751e8b465ee728b) (PreviewImporter) -> (artifact id: 'cdd4258b2cff0bd9757a0a3cc8223979') in 0.0292296 seconds
Number of updated asset objects reloaded before import = 0Number of asset objects unloaded after import = 12

========================================================================
Received Import Request.
  Time since last request: 0.000019 seconds.
  path: Assets/random assets/OBJ 2/wheat_1_1.obj
  artifactKey: Guid(c3e809078ff55d64fa70356511e28651) Importer(815301076,1909f56bfc062723c751e8b465ee728b)
Start importing Assets/random assets/OBJ 2/wheat_1_1.obj using Guid(c3e809078ff55d64fa70356511e28651) Importer(815301076,1909f56bfc062723c751e8b465ee728b) (PreviewImporter) -> (artifact id: '2a9907ab49559867f3da9c91c09c0a7a') in 0.0338469 seconds
Number of updated asset objects reloaded before import = 0Number of asset objects unloaded after import = 11

========================================================================
Received Import Request.
  Time since last request: 0.000024 seconds.
  path: Assets/random assets/OBJ 2/pine_tree_n_3.obj
  artifactKey: Guid(daf250a393c380041a515f8dfc1022f1) Importer(815301076,1909f56bfc062723c751e8b465ee728b)
Start importing Assets/random assets/OBJ 2/pine_tree_n_3.obj using Guid(daf250a393c380041a515f8dfc1022f1) Importer(815301076,1909f56bfc062723c751e8b465ee728b) (PreviewImporter) -> (artifact id: '362bfdd0329de5bacd690a461959317e') in 0.0306916 seconds
Number of updated asset objects reloaded before import = 0Number of asset objects unloaded after import = 12

========================================================================
Received Import Request.
  Time since last request: 0.263414 seconds.
  path: Assets/random assets/OBJ 2/pine_tree_n_1.obj
  artifactKey: Guid(523d9c8e83b64524cbe93031fb81c90a) Importer(815301076,1909f56bfc062723c751e8b465ee728b)
Start importing Assets/random assets/OBJ 2/pine_tree_n_1.obj using Guid(523d9c8e83b64524cbe93031fb81c90a) Importer(815301076,1909f56bfc062723c751e8b465ee728b) (PreviewImporter) -> (artifact id: '251225fffdeb92f68e6dd21f570504f8') in 0.0310515 seconds
Number of updated asset objects reloaded before import = 0Number of asset objects unloaded after import = 13

========================================================================
Received Import Request.
  Time since last request: 0.000044 seconds.
  path: Assets/random assets/OBJ 2/pine_tree_n_1_3.obj
  artifactKey: Guid(607783b4674a9ca42aefd45478298e06) Importer(815301076,1909f56bfc062723c751e8b465ee728b)
Start importing Assets/random assets/OBJ 2/pine_tree_n_1_3.obj using Guid(607783b4674a9ca42aefd45478298e06) Importer(815301076,1909f56bfc062723c751e8b465ee728b) (PreviewImporter) -> (artifact id: 'bdf5254a38733f71e59bfd8c14bc4aae') in 0.0292482 seconds
Number of updated asset objects reloaded before import = 0Number of asset objects unloaded after import = 13

========================================================================
Received Import Request.
  Time since last request: 0.000017 seconds.
  path: Assets/random assets/OBJ 2/mushroom_n_2_2.obj
  artifactKey: Guid(155c4f346b621ae45bc2879fa46ac186) Importer(815301076,1909f56bfc062723c751e8b465ee728b)
Start importing Assets/random assets/OBJ 2/mushroom_n_2_2.obj using Guid(155c4f346b621ae45bc2879fa46ac186) Importer(815301076,1909f56bfc062723c751e8b465ee728b) (PreviewImporter) -> (artifact id: 'b2a0b26b31bca132edb2d0ea21a1c2fe') in 0.0248718 seconds
Number of updated asset objects reloaded before import = 0Number of asset objects unloaded after import = 11

========================================================================
Received Import Request.
  Time since last request: 0.000025 seconds.
  path: Assets/random assets/OBJ 2/mushroom_n_2_1.obj
  artifactKey: Guid(fec0b55435221e243a9715ec02729d73) Importer(815301076,1909f56bfc062723c751e8b465ee728b)
Start importing Assets/random assets/OBJ 2/mushroom_n_2_1.obj using Guid(fec0b55435221e243a9715ec02729d73) Importer(815301076,1909f56bfc062723c751e8b465ee728b) (PreviewImporter) -> (artifact id: 'cb6928cdee1fc6308b187945418a2dec') in 0.0235843 seconds
Number of updated asset objects reloaded before import = 0Number of asset objects unloaded after import = 11

========================================================================
Received Import Request.
  Time since last request: 0.000027 seconds.
  path: Assets/random assets/OBJ 2/mushroom_n_1_1.obj
  artifactKey: Guid(c8031eefcf1ef3543ae624ddf14d35cb) Importer(815301076,1909f56bfc062723c751e8b465ee728b)
Start importing Assets/random assets/OBJ 2/mushroom_n_1_1.obj using Guid(c8031eefcf1ef3543ae624ddf14d35cb) Importer(815301076,1909f56bfc062723c751e8b465ee728b) (PreviewImporter) -> (artifact id: 'e6e0a74c4873a5cb1b33dbed4f17b5c4') in 0.0257753 seconds
Number of updated asset objects reloaded before import = 0Number of asset objects unloaded after import = 11

========================================================================
Received Import Request.
  Time since last request: 0.000019 seconds.
  path: Assets/random assets/OBJ 2/grass_2.obj
  artifactKey: Guid(e8ac5d3fd355f844d9b55e3395781a42) Importer(815301076,1909f56bfc062723c751e8b465ee728b)
Start importing Assets/random assets/OBJ 2/grass_2.obj using Guid(e8ac5d3fd355f844d9b55e3395781a42) Importer(815301076,1909f56bfc062723c751e8b465ee728b) (PreviewImporter) -> (artifact id: '315dc792fa2aed4b092e7dbd599d3684') in 0.0323445 seconds
Number of updated asset objects reloaded before import = 0Number of asset objects unloaded after import = 11

========================================================================
Received Import Request.
  Time since last request: 0.000021 seconds.
  path: Assets/random assets/OBJ 2/grass_4.obj
  artifactKey: Guid(09f8e11aaf115064e8434717e0dd897e) Importer(815301076,1909f56bfc062723c751e8b465ee728b)
Start importing Assets/random assets/OBJ 2/grass_4.obj using Guid(09f8e11aaf115064e8434717e0dd897e) Importer(815301076,1909f56bfc062723c751e8b465ee728b) (PreviewImporter) -> (artifact id: '4db31d84b05ed0af078afacb37581771') in 0.0305601 seconds
Number of updated asset objects reloaded before import = 0Number of asset objects unloaded after import = 11

========================================================================
Received Import Request.
  Time since last request: 0.000017 seconds.
  path: Assets/random assets/OBJ 2/grass_1.obj
  artifactKey: Guid(fcfd0cc8ae3f3c94483bc3b4e6cb941e) Importer(815301076,1909f56bfc062723c751e8b465ee728b)
Start importing Assets/random assets/OBJ 2/grass_1.obj using Guid(fcfd0cc8ae3f3c94483bc3b4e6cb941e) Importer(815301076,1909f56bfc062723c751e8b465ee728b) (PreviewImporter) -> (artifact id: '7735f5c5d4ed533a71ff8e3d23cf1ec7') in 0.0327599 seconds
Number of updated asset objects reloaded before import = 0Number of asset objects unloaded after import = 11

Editor requested this worker to shutdown with reason: Scaling down because of idle timeout
AssetImportWorker is now disconnected from the server
Process exiting
Exiting without the bug reporter. Application will terminate with return code 0